<?xml version="1.0" encoding="UTF-8"?>
<!-- Generated by org.testng.reporters.JUnitReportReporter -->
<testsuite hostname="Raghav" name="com.actitime.login.Demo" tests="1" failures="0" timestamp="29 Jun 2020 04:52:46 GMT" time="0.009" errors="0">
  <testcase name="run" time="0.009" classname="com.actitime.login.Demo"/>
</testsuite> <!-- com.actitime.login.Demo -->
